============================= test session starts =============================
platform win32 -- Python 3.13.12, pytest-9.0.2, pluggy-1.6.0
rootdir: C:\Scripts\ML_Predictor2026_V2
collected 26 items

tests\test_main.py ..........F..........F....                            [100%]

================================== FAILURES ===================================
_____________________ test_calculate_expected_goals_basic _____________________

    def test_calculate_expected_goals_basic():
        """Test basic expected goals calculation."""
        xG_home, xG_away = calculate_expected_goals(
            elo_home=1500, elo_away=1500,
            avg_gf_home=1.3, avg_gf_away=1.3,
            avg_ga_home=1.0, avg_ga_away=1.0
        )
    
        # Should be close to base rate with home advantage
>       assert xG_home > BASE_GOAL_RATE  # Home advantage
        ^^^^^^^^^^^^^^^^^^^^^^^^^^^^^^^
E       assert 1.4160000000000001 > 1.89

tests\test_main.py:138: AssertionError
____________________ test_get_team_trailing_stats_form_win ____________________

    def test_get_team_trailing_stats_form_win():
        """Test form calculation with wins."""
        history = [
            {'gf': 2, 'ga': 1},  # Win
            {'gf': 1, 'ga': 0},  # Win
            {'gf': 0, 'ga': 0},  # Draw
        ]
        # 3 wins + 1 draw = 10 points / 3 games = 3.33
        stats = get_team_trailing_stats(history, 8)
    
>       assert stats['form'] == pytest.approx(10/3, abs=0.01)
E       assert 2.3333333333333335 == 3.3333333333333335 ▒ 0.01
E         
E         comparison failed
E         Obtained: 2.3333333333333335
E         Expected: 3.3333333333333335 ▒ 0.01

tests\test_main.py:278: AssertionError
=========================== short test summary info ===========================
FAILED tests/test_main.py::test_calculate_expected_goals_basic - assert 1.416...
FAILED tests/test_main.py::test_get_team_trailing_stats_form_win - assert 2.3...
======================== 2 failed, 24 passed in 1.14s =========================
